<?xml version="1.0" encoding="UTF-8"?>
<!-- Generated by org.testng.reporters.JUnitReportReporter -->
<testsuite hostname="DESKTOP-PKVJJL4" failures="0" tests="1" name="com.dice.FirstTest" time="11.100" errors="0" timestamp="01 Jul 2020 22:44:11 GMT" skipped="0">
  <testcase classname="com.dice.FirstTest" name="firstTestMethod" time="11.100"/>
</testsuite> <!-- com.dice.FirstTest -->
